<?xml version="1.0" encoding="UTF-8"?>
<testsuites>
    <testsuite name="force.apex" timestamp="2025-08-24T15:02:59.179Z" hostname="https://orgfarm-d26e890132-dev-ed.develop.my.salesforce.com" tests="0" failures="0"  errors="0"  time="0.00">
        <properties>
            <property name="outcome" value="Successful"/>
            <property name="testsRan" value="0"/>
            <property name="passing" value="0"/>
            <property name="failing" value="0"/>
            <property name="skipped" value="0"/>
            <property name="passRate" value="0%"/>
            <property name="failRate" value="0%"/>
            <property name="testStartTime" value="Sun Aug 24 2025 12:02:59 PM"/>
            <property name="testExecutionTime" value="0.00 s"/>
            <property name="testTotalTime" value="0.00 s"/>
            <property name="commandTime" value="0.00 s"/>
            <property name="hostname" value="https://orgfarm-d26e890132-dev-ed.develop.my.salesforce.com"/>
            <property name="orgId" value="00DgL000008xvvJUAQ"/>
            <property name="username" value="matheus-carvalho87500@agentforce.com"/>
            <property name="coveredLines" value="41"/>
            <property name="testRunCoverage" value="8%"/>
            <property name="orgWideCoverage" value="8%"/>
        </properties>
    </testsuite>
</testsuites>
