<?xml version="1.0" encoding="UTF-8"?>
<testsuites>
    <testsuite name="force.apex" timestamp="2025-08-29T00:30:34.368Z" hostname="https://orgfarm-d26e890132-dev-ed.develop.my.salesforce.com" tests="10" failures="0"  errors="0"  time="0.70">
        <properties>
            <property name="outcome" value="Successful"/>
            <property name="testsRan" value="10"/>
            <property name="passing" value="10"/>
            <property name="failing" value="0"/>
            <property name="skipped" value="0"/>
            <property name="passRate" value="100%"/>
            <property name="failRate" value="0%"/>
            <property name="testStartTime" value="Thu Aug 28 2025 9:30:34 PM"/>
            <property name="testExecutionTime" value="0.70 s"/>
            <property name="testTotalTime" value="0.70 s"/>
            <property name="commandTime" value="0.00 s"/>
            <property name="hostname" value="https://orgfarm-d26e890132-dev-ed.develop.my.salesforce.com"/>
            <property name="orgId" value="00DgL000008xvvJUAQ"/>
            <property name="username" value="matheus-carvalho87500@agentforce.com"/>
            <property name="coveredLines" value="191"/>
            <property name="testRunCoverage" value="41%"/>
            <property name="orgWideCoverage" value="16%"/>
        </properties>
        <testcase name="testCreatePairKey_nulls_and_ordering" classname="DuplicateMatchingServiceTest" time="0.21">
        </testcase>
        <testcase name="testExactEmailMatch" classname="DuplicateMatchingServiceTest" time="0.05">
        </testcase>
        <testcase name="testFuzzyBelowThreshold_noMatch" classname="DuplicateMatchingServiceTest" time="0.04">
        </testcase>
        <testcase name="testFuzzyNameWithSamePhone" classname="DuplicateMatchingServiceTest" time="0.03">
        </testcase>
        <testcase name="testGetMatchType_noMatch" classname="DuplicateMatchingServiceTest" time="0.03">
        </testcase>
        <testcase name="testLastNameWithSamePhone" classname="DuplicateMatchingServiceTest" time="0.03">
        </testcase>
        <testcase name="testLevenshteinDistance_paths" classname="DuplicateMatchingServiceTest" time="0.03">
        </testcase>
        <testcase name="testNoDuplicates" classname="DuplicateMatchingServiceTest" time="0.03">
        </testcase>
        <testcase name="testNormalizePhone_and_samePhoneMinLength" classname="DuplicateMatchingServiceTest" time="0.03">
        </testcase>
        <testcase name="testPerformanceAndGovernorLimits" classname="DuplicateMatchingServiceTest" time="0.03">
        </testcase>
    </testsuite>
</testsuites>
